<?xml version="1.0" encoding="UTF-8"?>
<testsuites name="TS_Mobile_SauceDemo_CoreFlow" time="183.46" tests="6" failures="0" errors="0">
   <testsuite name="TS_Mobile_SauceDemo_CoreFlow" tests="6" failures="0" errors="0" time="183.46" skipped="0" timestamp="2026-02-09T04:07:30.917Z" hostname="aguss - Agus_Susanto" id="Test Suites/TS_Mobile_SauceDemo_CoreFlow">
      <properties>
[...]
</properties>
      <testcase name="Test Cases/Authentication/AUT-TC-P001_Success login" time="33.768" classname="Test Cases/Authentication/AUT-TC-P001_Success login" status="PASSED">
         <system-out><![CDATA[09-02-2026T11:07:31 - [TEST_CASE][PASSED] - Test Cases/Authentication/AUT-TC-P001_Success login: Test Cases/Authentication/AUT-TC-P001_Success login

09-02-2026T11:07:31 - [TEST_STEP][PASSED] - validUserName = userName: null

09-02-2026T11:07:32 - [TEST_STEP][PASSED] - validPassword = password: null

09-02-2026T11:07:32 - [TEST_STEP][PASSED] - startExistingApplication(appId): Starting application with Id: 'com.swaglabsmobileapp'

09-02-2026T11:07:32 - [MESSAGE][INFO] - User set preference: ['deviceId', '']

09-02-2026T11:07:32 - [MESSAGE][INFO] - Detected NodeJS location: "C:\Program Files\nodejs\node.exe"

09-02-2026T11:07:42 - [MESSAGE][INFO] - PATH: C:\Program Files\nodejs;

09-02-2026T11:07:42 - [MESSAGE][INFO] - APPIUM_HOME: C:\Users\aguss\.appium

09-02-2026T11:07:42 - [MESSAGE][INFO] - appium outlog: D:\sauceDemo-mobile-automation-main\sauceDemo-mobile-automation-main\SauceDemo-Mobile-Automation\Reports\20260209_110726\TS_Mobile_SauceDemo_CoreFlow\20260209_110726\appium.log

09-02-2026T11:07:42 - [MESSAGE][INFO] - appium errlog: D:\sauceDemo-mobile-automation-main\sauceDemo-mobile-automation-main\SauceDemo-Mobile-Automation\Reports\20260209_110726\TS_Mobile_SauceDemo_CoreFlow\20260209_110726\appium_error.log

09-02-2026T11:07:45 - [MESSAGE][INFO] - Appium server started on port 50,090

09-02-2026T11:07:51 - [MESSAGE][WARNING] - Unable to get appium status. Root cause (Cannot invoke "com.google.gson.JsonObject.getAsJsonPrimitive(String)" because the return value of "com.google.gson.JsonObject.getAsJsonObject(String)" is null)

09-02-2026T11:07:52 - [MESSAGE][PASSED] - Starting application with Id: 'com.swaglabsmobileapp'

09-02-2026T11:07:52 - [TEST_STEP][PASSED] - auth.Auth.login(validUserName, validPassword): auth.Auth.login is PASSED

09-02-2026T11:07:54 - [MESSAGE][PASSED] - Element 'Object Repository/Mobile/Android/Authentication/Login/Fields/fld_username' is present

09-02-2026T11:07:57 - [MESSAGE][PASSED] - Text 'standard_user' has been set to element 'Object Repository/Mobile/Android/Authentication/Login/Texts/txt_username'

09-02-2026T11:07:58 - [MESSAGE][PASSED] - Element 'Object Repository/Mobile/Android/Authentication/Login/Fields/fld_password' is present

09-02-2026T11:08:00 - [MESSAGE][PASSED] - Text 'secret_sauce' has been set to element 'Object Repository/Mobile/Android/Authentication/Login/Texts/txt_password'

09-02-2026T11:08:01 - [MESSAGE][PASSED] - Element 'Object Repository/Mobile/Android/Authentication/Login/Actions/act_login' is present

09-02-2026T11:08:01 - [MESSAGE][PASSED] - Tapped on element 'Object Repository/Mobile/Android/Authentication/Login/Actions/act_login'

09-02-2026T11:08:01 - [MESSAGE][PASSED] - auth.Auth.login is PASSED

09-02-2026T11:08:01 - [TEST_STEP][PASSED] - verifyElementText(findTestObject("Mobile/Android/Product/Texts/txt_products"), "PRODUCTS"): Actual text and expected text of test object 'Object Repository/Mobile/Android/Product/Texts/txt_products' are matched.

09-02-2026T11:08:03 - [MESSAGE][PASSED] - Actual text and expected text of test object 'Object Repository/Mobile/Android/Product/Texts/txt_products' are matched.

09-02-2026T11:08:03 - [TEST_STEP][PASSED] - waitForElementPresent(findTestObject("Mobile/Android/Product/Images/img_burger_menu"), 15): Element 'Object Repository/Mobile/Android/Product/Images/img_burger_menu' is present

09-02-2026T11:08:03 - [MESSAGE][PASSED] - Element 'Object Repository/Mobile/Android/Product/Images/img_burger_menu' is present

09-02-2026T11:08:03 - [TEST_STEP][PASSED] - waitForElementPresent(findTestObject("Mobile/Android/Product/Images/img_cart"), 15): Element 'Object Repository/Mobile/Android/Product/Images/img_cart' is present

09-02-2026T11:08:04 - [MESSAGE][PASSED] - Element 'Object Repository/Mobile/Android/Product/Images/img_cart' is present

09-02-2026T11:08:04 - [TEST_STEP][PASSED] - waitForElementPresent(findTestObject("Mobile/Android/Product/Lists/lst_products"), 15): Element 'Object Repository/Mobile/Android/Product/Lists/lst_products' is present

09-02-2026T11:08:04 - [MESSAGE][PASSED] - Element 'Object Repository/Mobile/Android/Product/Lists/lst_products' is present

09-02-2026T11:08:04 - [TEST_STEP][PASSED] - closeApplication(): Close app successfully

09-02-2026T11:08:05 - [MESSAGE][PASSED] - Close app successfully]]></system-out>
         <system-err><![CDATA[]]></system-err>
      </testcase>
      <testcase name="Test Cases/Product/PRD-TC-P001_Add product to cart" time="23.889" classname="Test Cases/Product/PRD-TC-P001_Add product to cart" status="PASSED">
         <system-out><![CDATA[09-02-2026T11:08:05 - [TEST_CASE][PASSED] - Test Cases/Product/PRD-TC-P001_Add product to cart: Test Cases/Product/PRD-TC-P001_Add product to cart

09-02-2026T11:08:05 - [TEST_STEP][PASSED] - username = userName: null

09-02-2026T11:08:05 - [TEST_STEP][PASSED] - password = password: null

09-02-2026T11:08:05 - [TEST_STEP][PASSED] - startExistingApplication(appId, STOP_ON_FAILURE): Starting application with Id: 'com.swaglabsmobileapp'

09-02-2026T11:08:05 - [MESSAGE][INFO] - User set preference: ['deviceId', '']

09-02-2026T11:08:05 - [MESSAGE][INFO] - Detected NodeJS location: "C:\Program Files\nodejs\node.exe"

09-02-2026T11:08:08 - [MESSAGE][INFO] - PATH: C:\Program Files\nodejs;

09-02-2026T11:08:08 - [MESSAGE][INFO] - APPIUM_HOME: C:\Users\aguss\.appium

09-02-2026T11:08:08 - [MESSAGE][INFO] - appium outlog: D:\sauceDemo-mobile-automation-main\sauceDemo-mobile-automation-main\SauceDemo-Mobile-Automation\Reports\20260209_110726\TS_Mobile_SauceDemo_CoreFlow\20260209_110726\appium.log

09-02-2026T11:08:08 - [MESSAGE][INFO] - appium errlog: D:\sauceDemo-mobile-automation-main\sauceDemo-mobile-automation-main\SauceDemo-Mobile-Automation\Reports\20260209_110726\TS_Mobile_SauceDemo_CoreFlow\20260209_110726\appium_error.log

09-02-2026T11:08:10 - [MESSAGE][INFO] - Appium server started on port 57,134

09-02-2026T11:08:15 - [MESSAGE][WARNING] - Unable to get appium status. Root cause (Cannot invoke "com.google.gson.JsonObject.getAsJsonPrimitive(String)" because the return value of "com.google.gson.JsonObject.getAsJsonObject(String)" is null)

09-02-2026T11:08:15 - [MESSAGE][PASSED] - Starting application with Id: 'com.swaglabsmobileapp'

09-02-2026T11:08:15 - [TEST_STEP][PASSED] - auth.Auth.login(username, password): auth.Auth.login is PASSED

09-02-2026T11:08:18 - [MESSAGE][PASSED] - Element 'Object Repository/Mobile/Android/Authentication/Login/Fields/fld_username' is present

09-02-2026T11:08:21 - [MESSAGE][PASSED] - Text 'standard_user' has been set to element 'Object Repository/Mobile/Android/Authentication/Login/Texts/txt_username'

09-02-2026T11:08:22 - [MESSAGE][PASSED] - Element 'Object Repository/Mobile/Android/Authentication/Login/Fields/fld_password' is present

09-02-2026T11:08:24 - [MESSAGE][PASSED] - Text 'secret_sauce' has been set to element 'Object Repository/Mobile/Android/Authentication/Login/Texts/txt_password'

09-02-2026T11:08:25 - [MESSAGE][PASSED] - Element 'Object Repository/Mobile/Android/Authentication/Login/Actions/act_login' is present

09-02-2026T11:08:25 - [MESSAGE][PASSED] - Tapped on element 'Object Repository/Mobile/Android/Authentication/Login/Actions/act_login'

09-02-2026T11:08:25 - [MESSAGE][PASSED] - auth.Auth.login is PASSED

09-02-2026T11:08:25 - [TEST_STEP][PASSED] - product.Cart.addProductToCart(): product.Cart.addProductToCart is PASSED

09-02-2026T11:08:27 - [MESSAGE][PASSED] - Element 'Object Repository/Mobile/Android/Product/Actions/act_add_to_cart' is present

09-02-2026T11:08:27 - [MESSAGE][PASSED] - Tapped on element 'Object Repository/Mobile/Android/Product/Actions/act_add_to_cart'

09-02-2026T11:08:27 - [MESSAGE][PASSED] - product.Cart.addProductToCart is PASSED

09-02-2026T11:08:27 - [TEST_STEP][PASSED] - verifyElementExist(findTestObject("Mobile/Android/Product/Actions/act_remove"), 15): Element 'Object Repository/Mobile/Android/Product/Actions/act_remove' is exist

09-02-2026T11:08:28 - [MESSAGE][PASSED] - Element 'Object Repository/Mobile/Android/Product/Actions/act_remove' is exist

09-02-2026T11:08:28 - [TEST_STEP][PASSED] - closeApplication(): Close app successfully

09-02-2026T11:08:29 - [MESSAGE][PASSED] - Close app successfully]]></system-out>
         <system-err><![CDATA[]]></system-err>
      </testcase>
      <testcase name="Test Cases/Product/PRD-TC-P002_Remove product from cart" time="24.418" classname="Test Cases/Product/PRD-TC-P002_Remove product from cart" status="PASSED">
         <system-out><![CDATA[09-02-2026T11:08:29 - [TEST_CASE][PASSED] - Test Cases/Product/PRD-TC-P002_Remove product from cart: Test Cases/Product/PRD-TC-P002_Remove product from cart

09-02-2026T11:08:29 - [TEST_STEP][PASSED] - username = userName: null

09-02-2026T11:08:29 - [TEST_STEP][PASSED] - password = password: null

09-02-2026T11:08:29 - [TEST_STEP][PASSED] - startExistingApplication(appId, STOP_ON_FAILURE): Starting application with Id: 'com.swaglabsmobileapp'

09-02-2026T11:08:29 - [MESSAGE][INFO] - User set preference: ['deviceId', '']

09-02-2026T11:08:29 - [MESSAGE][INFO] - Detected NodeJS location: "C:\Program Files\nodejs\node.exe"

09-02-2026T11:08:32 - [MESSAGE][INFO] - PATH: C:\Program Files\nodejs;

09-02-2026T11:08:32 - [MESSAGE][INFO] - APPIUM_HOME: C:\Users\aguss\.appium

09-02-2026T11:08:32 - [MESSAGE][INFO] - appium outlog: D:\sauceDemo-mobile-automation-main\sauceDemo-mobile-automation-main\SauceDemo-Mobile-Automation\Reports\20260209_110726\TS_Mobile_SauceDemo_CoreFlow\20260209_110726\appium.log

09-02-2026T11:08:32 - [MESSAGE][INFO] - appium errlog: D:\sauceDemo-mobile-automation-main\sauceDemo-mobile-automation-main\SauceDemo-Mobile-Automation\Reports\20260209_110726\TS_Mobile_SauceDemo_CoreFlow\20260209_110726\appium_error.log

09-02-2026T11:08:34 - [MESSAGE][INFO] - Appium server started on port 56,140

09-02-2026T11:08:39 - [MESSAGE][WARNING] - Unable to get appium status. Root cause (Cannot invoke "com.google.gson.JsonObject.getAsJsonPrimitive(String)" because the return value of "com.google.gson.JsonObject.getAsJsonObject(String)" is null)

09-02-2026T11:08:39 - [MESSAGE][PASSED] - Starting application with Id: 'com.swaglabsmobileapp'

09-02-2026T11:08:39 - [TEST_STEP][PASSED] - auth.Auth.login(username, password): auth.Auth.login is PASSED

09-02-2026T11:08:42 - [MESSAGE][PASSED] - Element 'Object Repository/Mobile/Android/Authentication/Login/Fields/fld_username' is present

09-02-2026T11:08:44 - [MESSAGE][PASSED] - Text 'standard_user' has been set to element 'Object Repository/Mobile/Android/Authentication/Login/Texts/txt_username'

09-02-2026T11:08:45 - [MESSAGE][PASSED] - Element 'Object Repository/Mobile/Android/Authentication/Login/Fields/fld_password' is present

09-02-2026T11:08:47 - [MESSAGE][PASSED] - Text 'secret_sauce' has been set to element 'Object Repository/Mobile/Android/Authentication/Login/Texts/txt_password'

09-02-2026T11:08:48 - [MESSAGE][PASSED] - Element 'Object Repository/Mobile/Android/Authentication/Login/Actions/act_login' is present

09-02-2026T11:08:49 - [MESSAGE][PASSED] - Tapped on element 'Object Repository/Mobile/Android/Authentication/Login/Actions/act_login'

09-02-2026T11:08:49 - [MESSAGE][PASSED] - auth.Auth.login is PASSED

09-02-2026T11:08:49 - [TEST_STEP][PASSED] - product.Cart.addProductToCart(): product.Cart.addProductToCart is PASSED

09-02-2026T11:08:50 - [MESSAGE][PASSED] - Element 'Object Repository/Mobile/Android/Product/Actions/act_add_to_cart' is present

09-02-2026T11:08:50 - [MESSAGE][PASSED] - Tapped on element 'Object Repository/Mobile/Android/Product/Actions/act_add_to_cart'

09-02-2026T11:08:50 - [MESSAGE][PASSED] - product.Cart.addProductToCart is PASSED

09-02-2026T11:08:50 - [TEST_STEP][PASSED] - product.Cart.removeProductFromCart(): product.Cart.removeProductFromCart is PASSED

09-02-2026T11:08:51 - [MESSAGE][PASSED] - Element 'Object Repository/Mobile/Android/Product/Actions/act_remove' is present

09-02-2026T11:08:52 - [MESSAGE][PASSED] - Tapped on element 'Object Repository/Mobile/Android/Product/Actions/act_remove'

09-02-2026T11:08:52 - [MESSAGE][PASSED] - product.Cart.removeProductFromCart is PASSED

09-02-2026T11:08:52 - [TEST_STEP][PASSED] - verifyElementExist(findTestObject("Object Repository/Mobile/Android/Product/Actions/act_add_to_cart"), 15): Element 'Object Repository/Mobile/Android/Product/Actions/act_add_to_cart' is exist

09-02-2026T11:08:52 - [MESSAGE][PASSED] - Element 'Object Repository/Mobile/Android/Product/Actions/act_add_to_cart' is exist

09-02-2026T11:08:52 - [TEST_STEP][PASSED] - closeApplication(): Close app successfully

09-02-2026T11:08:53 - [MESSAGE][PASSED] - Close app successfully]]></system-out>
         <system-err><![CDATA[]]></system-err>
      </testcase>
      <testcase name="Test Cases/Checkout/CKT-TC-P001_Success checkout product" time="46.275" classname="Test Cases/Checkout/CKT-TC-P001_Success checkout product" status="PASSED">
         <system-out><![CDATA[09-02-2026T11:08:53 - [TEST_CASE][PASSED] - Test Cases/Checkout/CKT-TC-P001_Success checkout product: Test Cases/Checkout/CKT-TC-P001_Success checkout product

09-02-2026T11:08:53 - [TEST_STEP][PASSED] - username = userName: null

09-02-2026T11:08:53 - [TEST_STEP][PASSED] - password = password: null

09-02-2026T11:08:53 - [TEST_STEP][PASSED] - firstname = firstName: null

09-02-2026T11:08:53 - [TEST_STEP][PASSED] - lastname = lastName: null

09-02-2026T11:08:53 - [TEST_STEP][PASSED] - postalcode = postalcode: null

09-02-2026T11:08:53 - [TEST_STEP][PASSED] - startExistingApplication(appId, STOP_ON_FAILURE): Starting application with Id: 'com.swaglabsmobileapp'

09-02-2026T11:08:53 - [MESSAGE][INFO] - User set preference: ['deviceId', '']

09-02-2026T11:08:53 - [MESSAGE][INFO] - Detected NodeJS location: "C:\Program Files\nodejs\node.exe"

09-02-2026T11:09:01 - [MESSAGE][INFO] - PATH: C:\Program Files\nodejs;

09-02-2026T11:09:01 - [MESSAGE][INFO] - APPIUM_HOME: C:\Users\aguss\.appium

09-02-2026T11:09:01 - [MESSAGE][INFO] - appium outlog: D:\sauceDemo-mobile-automation-main\sauceDemo-mobile-automation-main\SauceDemo-Mobile-Automation\Reports\20260209_110726\TS_Mobile_SauceDemo_CoreFlow\20260209_110726\appium.log

09-02-2026T11:09:01 - [MESSAGE][INFO] - appium errlog: D:\sauceDemo-mobile-automation-main\sauceDemo-mobile-automation-main\SauceDemo-Mobile-Automation\Reports\20260209_110726\TS_Mobile_SauceDemo_CoreFlow\20260209_110726\appium_error.log

09-02-2026T11:09:03 - [MESSAGE][INFO] - Appium server started on port 59,954

09-02-2026T11:09:09 - [MESSAGE][WARNING] - Unable to get appium status. Root cause (Cannot invoke "com.google.gson.JsonObject.getAsJsonPrimitive(String)" because the return value of "com.google.gson.JsonObject.getAsJsonObject(String)" is null)

09-02-2026T11:09:09 - [MESSAGE][PASSED] - Starting application with Id: 'com.swaglabsmobileapp'

09-02-2026T11:09:09 - [TEST_STEP][PASSED] - auth.Auth.login(username, password): auth.Auth.login is PASSED

09-02-2026T11:09:11 - [MESSAGE][PASSED] - Element 'Object Repository/Mobile/Android/Authentication/Login/Fields/fld_username' is present

09-02-2026T11:09:14 - [MESSAGE][PASSED] - Text 'standard_user' has been set to element 'Object Repository/Mobile/Android/Authentication/Login/Texts/txt_username'

09-02-2026T11:09:15 - [MESSAGE][PASSED] - Element 'Object Repository/Mobile/Android/Authentication/Login/Fields/fld_password' is present

09-02-2026T11:09:17 - [MESSAGE][PASSED] - Text 'secret_sauce' has been set to element 'Object Repository/Mobile/Android/Authentication/Login/Texts/txt_password'

09-02-2026T11:09:18 - [MESSAGE][PASSED] - Element 'Object Repository/Mobile/Android/Authentication/Login/Actions/act_login' is present

09-02-2026T11:09:18 - [MESSAGE][PASSED] - Tapped on element 'Object Repository/Mobile/Android/Authentication/Login/Actions/act_login'

09-02-2026T11:09:18 - [MESSAGE][PASSED] - auth.Auth.login is PASSED

09-02-2026T11:09:18 - [TEST_STEP][PASSED] - product.Cart.addProductToCart(): product.Cart.addProductToCart is PASSED

09-02-2026T11:09:20 - [MESSAGE][PASSED] - Element 'Object Repository/Mobile/Android/Product/Actions/act_add_to_cart' is present

09-02-2026T11:09:20 - [MESSAGE][PASSED] - Tapped on element 'Object Repository/Mobile/Android/Product/Actions/act_add_to_cart'

09-02-2026T11:09:20 - [MESSAGE][PASSED] - product.Cart.addProductToCart is PASSED

09-02-2026T11:09:20 - [TEST_STEP][PASSED] - product.Cart.openCart(): product.Cart.openCart is PASSED

09-02-2026T11:09:21 - [MESSAGE][PASSED] - Element 'Object Repository/Mobile/Android/Product/Actions/act_cart' is present

09-02-2026T11:09:21 - [MESSAGE][PASSED] - Tapped on element 'Object Repository/Mobile/Android/Product/Actions/act_cart'

09-02-2026T11:09:21 - [MESSAGE][PASSED] - product.Cart.openCart is PASSED

09-02-2026T11:09:21 - [TEST_STEP][PASSED] - checkout.Checkout.startCheckout(): checkout.Checkout.startCheckout is PASSED

09-02-2026T11:09:22 - [MESSAGE][PASSED] - Element 'Object Repository/Mobile/Android/Cart/Actions/act_checkout' is present

09-02-2026T11:09:23 - [MESSAGE][PASSED] - Tapped on element 'Object Repository/Mobile/Android/Cart/Actions/act_checkout'

09-02-2026T11:09:23 - [MESSAGE][PASSED] - checkout.Checkout.startCheckout is PASSED

09-02-2026T11:09:23 - [TEST_STEP][PASSED] - checkout.Checkout.fillInfromationAndContinueCheckout(firstname, lastname, postalcode): checkout.Checkout.fillInfromationAndContinueCheckout is PASSED

09-02-2026T11:09:23 - [MESSAGE][PASSED] - Element 'Object Repository/Mobile/Android/Checkout/Fields/fld_first_name' is present

09-02-2026T11:09:24 - [MESSAGE][PASSED] - Element 'Object Repository/Mobile/Android/Checkout/Fields/fld_last_name' is present

09-02-2026T11:09:24 - [MESSAGE][PASSED] - Element 'Object Repository/Mobile/Android/Checkout/Fields/fld_postal_code' is present

09-02-2026T11:09:27 - [MESSAGE][PASSED] - Text 'Agus' has been set to element 'Object Repository/Mobile/Android/Checkout/Texts/txt_first_name'

09-02-2026T11:09:30 - [MESSAGE][PASSED] - Text 'Susanto' has been set to element 'Object Repository/Mobile/Android/Checkout/Texts/txt_last_name'

09-02-2026T11:09:33 - [MESSAGE][PASSED] - Text '123456' has been set to element 'Object Repository/Mobile/Android/Checkout/Texts/txt_postal_code'

09-02-2026T11:09:34 - [MESSAGE][PASSED] - Element 'Object Repository/Mobile/Android/Checkout/Actions/act_continue' is present

09-02-2026T11:09:34 - [MESSAGE][PASSED] - Tapped on element 'Object Repository/Mobile/Android/Checkout/Actions/act_continue'

09-02-2026T11:09:34 - [MESSAGE][PASSED] - checkout.Checkout.fillInfromationAndContinueCheckout is PASSED

09-02-2026T11:09:34 - [TEST_STEP][PASSED] - checkout.Checkout.finishCheckout(): checkout.Checkout.finishCheckout is PASSED

09-02-2026T11:09:36 - [MESSAGE][PASSED] - Element 'Object Repository/Mobile/Android/Checkout/Actions/act_finish' is present

09-02-2026T11:09:36 - [MESSAGE][PASSED] - Tapped on element 'Object Repository/Mobile/Android/Checkout/Actions/act_finish'

09-02-2026T11:09:36 - [MESSAGE][PASSED] - checkout.Checkout.finishCheckout is PASSED

09-02-2026T11:09:36 - [TEST_STEP][PASSED] - waitForElementPresent(findTestObject("Mobile/Android/Checkout/Images/img_success_transaction"), 15): Element 'Object Repository/Mobile/Android/Checkout/Images/img_success_transaction' is present

09-02-2026T11:09:37 - [MESSAGE][PASSED] - Element 'Object Repository/Mobile/Android/Checkout/Images/img_success_transaction' is present

09-02-2026T11:09:37 - [TEST_STEP][PASSED] - verifyElementText(findTestObject("Mobile/Android/Checkout/Texts/txt_checkout_complete"), "CHECKOUT: COMPLETE!"): Actual text and expected text of test object 'Object Repository/Mobile/Android/Checkout/Texts/txt_checkout_complete' are matched.

09-02-2026T11:09:38 - [MESSAGE][PASSED] - Actual text and expected text of test object 'Object Repository/Mobile/Android/Checkout/Texts/txt_checkout_complete' are matched.

09-02-2026T11:09:38 - [TEST_STEP][PASSED] - verifyElementText(findTestObject("Mobile/Android/Checkout/Texts/txt_title_success_transaction"), "THANK YOU FOR YOU ORDER"): Actual text and expected text of test object 'Object Repository/Mobile/Android/Checkout/Texts/txt_title_success_transaction' are matched.

09-02-2026T11:09:38 - [MESSAGE][PASSED] - Actual text and expected text of test object 'Object Repository/Mobile/Android/Checkout/Texts/txt_title_success_transaction' are matched.

09-02-2026T11:09:38 - [TEST_STEP][PASSED] - verifyElementText(findTestObject("Mobile/Android/Checkout/Texts/txt_desc_success_transaction"), "Your order has been dispatched, and will arrive just as fast as the pony can get there!"): Actual text and expected text of test object 'Object Repository/Mobile/Android/Checkout/Texts/txt_desc_success_transaction' are matched.

09-02-2026T11:09:39 - [MESSAGE][PASSED] - Actual text and expected text of test object 'Object Repository/Mobile/Android/Checkout/Texts/txt_desc_success_transaction' are matched.

09-02-2026T11:09:39 - [TEST_STEP][PASSED] - closeApplication(): Close app successfully

09-02-2026T11:09:39 - [MESSAGE][PASSED] - Close app successfully]]></system-out>
         <system-err><![CDATA[]]></system-err>
      </testcase>
      <testcase name="Test Cases/Authentication/AUT-TC-P002_Success logout" time="29.749" classname="Test Cases/Authentication/AUT-TC-P002_Success logout" status="PASSED">
         <system-out><![CDATA[09-02-2026T11:09:39 - [TEST_CASE][PASSED] - Test Cases/Authentication/AUT-TC-P002_Success logout: Test Cases/Authentication/AUT-TC-P002_Success logout

09-02-2026T11:09:39 - [TEST_STEP][PASSED] - validUserName = userName: null

09-02-2026T11:09:39 - [TEST_STEP][PASSED] - validPassword = password: null

09-02-2026T11:09:39 - [TEST_STEP][PASSED] - startExistingApplication(appId): Starting application with Id: 'com.swaglabsmobileapp'

09-02-2026T11:09:39 - [MESSAGE][INFO] - User set preference: ['deviceId', '']

09-02-2026T11:09:40 - [MESSAGE][INFO] - Detected NodeJS location: "C:\Program Files\nodejs\node.exe"

09-02-2026T11:09:45 - [MESSAGE][INFO] - PATH: C:\Program Files\nodejs;

09-02-2026T11:09:45 - [MESSAGE][INFO] - APPIUM_HOME: C:\Users\aguss\.appium

09-02-2026T11:09:45 - [MESSAGE][INFO] - appium outlog: D:\sauceDemo-mobile-automation-main\sauceDemo-mobile-automation-main\SauceDemo-Mobile-Automation\Reports\20260209_110726\TS_Mobile_SauceDemo_CoreFlow\20260209_110726\appium.log

09-02-2026T11:09:45 - [MESSAGE][INFO] - appium errlog: D:\sauceDemo-mobile-automation-main\sauceDemo-mobile-automation-main\SauceDemo-Mobile-Automation\Reports\20260209_110726\TS_Mobile_SauceDemo_CoreFlow\20260209_110726\appium_error.log

09-02-2026T11:09:47 - [MESSAGE][INFO] - Appium server started on port 58,737

09-02-2026T11:09:52 - [MESSAGE][WARNING] - Unable to get appium status. Root cause (Cannot invoke "com.google.gson.JsonObject.getAsJsonPrimitive(String)" because the return value of "com.google.gson.JsonObject.getAsJsonObject(String)" is null)

09-02-2026T11:09:53 - [MESSAGE][PASSED] - Starting application with Id: 'com.swaglabsmobileapp'

09-02-2026T11:09:53 - [TEST_STEP][PASSED] - auth.Auth.login(validUserName, validPassword): auth.Auth.login is PASSED

09-02-2026T11:09:55 - [MESSAGE][PASSED] - Element 'Object Repository/Mobile/Android/Authentication/Login/Fields/fld_username' is present

09-02-2026T11:09:58 - [MESSAGE][PASSED] - Text 'standard_user' has been set to element 'Object Repository/Mobile/Android/Authentication/Login/Texts/txt_username'

09-02-2026T11:09:59 - [MESSAGE][PASSED] - Element 'Object Repository/Mobile/Android/Authentication/Login/Fields/fld_password' is present

09-02-2026T11:10:01 - [MESSAGE][PASSED] - Text 'secret_sauce' has been set to element 'Object Repository/Mobile/Android/Authentication/Login/Texts/txt_password'

09-02-2026T11:10:02 - [MESSAGE][PASSED] - Element 'Object Repository/Mobile/Android/Authentication/Login/Actions/act_login' is present

09-02-2026T11:10:03 - [MESSAGE][PASSED] - Tapped on element 'Object Repository/Mobile/Android/Authentication/Login/Actions/act_login'

09-02-2026T11:10:03 - [MESSAGE][PASSED] - auth.Auth.login is PASSED

09-02-2026T11:10:03 - [TEST_STEP][PASSED] - auth.Logout.logout(): auth.Logout.logout is PASSED

09-02-2026T11:10:04 - [MESSAGE][PASSED] - Element 'Object Repository/Mobile/Android/Authentication/Logout/Actions/act_burger_menu' is present

09-02-2026T11:10:06 - [MESSAGE][PASSED] - Tapped on element 'Object Repository/Mobile/Android/Authentication/Logout/Actions/act_burger_menu'

09-02-2026T11:10:06 - [MESSAGE][PASSED] - Element 'Object Repository/Mobile/Android/Authentication/Logout/Actions/act_logout' is present

09-02-2026T11:10:06 - [MESSAGE][PASSED] - Tapped on element 'Object Repository/Mobile/Android/Authentication/Logout/Actions/act_logout'

09-02-2026T11:10:06 - [MESSAGE][PASSED] - auth.Logout.logout is PASSED

09-02-2026T11:10:06 - [TEST_STEP][PASSED] - waitForElementPresent(findTestObject("Mobile/Android/Authentication/Login/Texts/txt_login"), 15): Element 'Object Repository/Mobile/Android/Authentication/Login/Texts/txt_login' is present

09-02-2026T11:10:07 - [MESSAGE][PASSED] - Element 'Object Repository/Mobile/Android/Authentication/Login/Texts/txt_login' is present

09-02-2026T11:10:07 - [TEST_STEP][PASSED] - verifyElementText(findTestObject("Mobile/Android/Authentication/Login/Texts/txt_login"), "LOGIN"): Actual text and expected text of test object 'Object Repository/Mobile/Android/Authentication/Login/Texts/txt_login' are matched.

09-02-2026T11:10:08 - [MESSAGE][PASSED] - Actual text and expected text of test object 'Object Repository/Mobile/Android/Authentication/Login/Texts/txt_login' are matched.

09-02-2026T11:10:08 - [TEST_STEP][PASSED] - closeApplication(): Close app successfully

09-02-2026T11:10:09 - [MESSAGE][PASSED] - Close app successfully]]></system-out>
         <system-err><![CDATA[]]></system-err>
      </testcase>
      <testcase name="Test Cases/Authentication/AUT-TC-N001_Failed login with locked credential" time="24.798" classname="Test Cases/Authentication/AUT-TC-N001_Failed login with locked credential" status="PASSED">
         <system-out><![CDATA[09-02-2026T11:10:09 - [TEST_CASE][PASSED] - Test Cases/Authentication/AUT-TC-N001_Failed login with locked credential: Test Cases/Authentication/AUT-TC-N001_Failed login with locked credential

09-02-2026T11:10:09 - [TEST_STEP][PASSED] - lockedUserName = lockedOutUserName: null

09-02-2026T11:10:09 - [TEST_STEP][PASSED] - password = password: null

09-02-2026T11:10:09 - [TEST_STEP][PASSED] - startExistingApplication(appId, STOP_ON_FAILURE): Starting application with Id: 'com.swaglabsmobileapp'

09-02-2026T11:10:09 - [MESSAGE][INFO] - User set preference: ['deviceId', '']

09-02-2026T11:10:09 - [MESSAGE][INFO] - Detected NodeJS location: "C:\Program Files\nodejs\node.exe"

09-02-2026T11:10:15 - [MESSAGE][INFO] - PATH: C:\Program Files\nodejs;

09-02-2026T11:10:15 - [MESSAGE][INFO] - APPIUM_HOME: C:\Users\aguss\.appium

09-02-2026T11:10:15 - [MESSAGE][INFO] - appium outlog: D:\sauceDemo-mobile-automation-main\sauceDemo-mobile-automation-main\SauceDemo-Mobile-Automation\Reports\20260209_110726\TS_Mobile_SauceDemo_CoreFlow\20260209_110726\appium.log

09-02-2026T11:10:15 - [MESSAGE][INFO] - appium errlog: D:\sauceDemo-mobile-automation-main\sauceDemo-mobile-automation-main\SauceDemo-Mobile-Automation\Reports\20260209_110726\TS_Mobile_SauceDemo_CoreFlow\20260209_110726\appium_error.log

09-02-2026T11:10:17 - [MESSAGE][INFO] - Appium server started on port 50,843

09-02-2026T11:10:22 - [MESSAGE][WARNING] - Unable to get appium status. Root cause (Cannot invoke "com.google.gson.JsonObject.getAsJsonPrimitive(String)" because the return value of "com.google.gson.JsonObject.getAsJsonObject(String)" is null)

09-02-2026T11:10:23 - [MESSAGE][PASSED] - Starting application with Id: 'com.swaglabsmobileapp'

09-02-2026T11:10:23 - [TEST_STEP][PASSED] - auth.Auth.loginUseLockedCred(lockedUserName, password): auth.Auth.loginUseLockedCred is PASSED

09-02-2026T11:10:25 - [MESSAGE][PASSED] - Element 'Object Repository/Mobile/Android/Authentication/Login/Fields/fld_username' is present

09-02-2026T11:10:28 - [MESSAGE][PASSED] - Text 'locked_out_user' has been set to element 'Object Repository/Mobile/Android/Authentication/Login/Texts/txt_username'

09-02-2026T11:10:29 - [MESSAGE][PASSED] - Element 'Object Repository/Mobile/Android/Authentication/Login/Fields/fld_password' is present

09-02-2026T11:10:31 - [MESSAGE][PASSED] - Text 'secret_sauce' has been set to element 'Object Repository/Mobile/Android/Authentication/Login/Texts/txt_password'

09-02-2026T11:10:32 - [MESSAGE][PASSED] - Element 'Object Repository/Mobile/Android/Authentication/Login/Actions/act_login' is present

09-02-2026T11:10:32 - [MESSAGE][PASSED] - Tapped on element 'Object Repository/Mobile/Android/Authentication/Login/Actions/act_login'

09-02-2026T11:10:32 - [MESSAGE][PASSED] - auth.Auth.loginUseLockedCred is PASSED

09-02-2026T11:10:32 - [TEST_STEP][PASSED] - verifyElementText(findTestObject("Mobile/Android/Authentication/Login/Texts/txt_locked_user"), "Sorry, this user has been locked out."): Actual text and expected text of test object 'Object Repository/Mobile/Android/Authentication/Login/Texts/txt_locked_user' are matched.

09-02-2026T11:10:33 - [MESSAGE][PASSED] - Actual text and expected text of test object 'Object Repository/Mobile/Android/Authentication/Login/Texts/txt_locked_user' are matched.

09-02-2026T11:10:33 - [TEST_STEP][PASSED] - closeApplication(): Close app successfully

09-02-2026T11:10:34 - [MESSAGE][PASSED] - Close app successfully]]></system-out>
         <system-err><![CDATA[]]></system-err>
      </testcase>
      <system-out><![CDATA[09-02-2026T11:07:30 - [TEST_SUITE][PASSED] - TS_Mobile_SauceDemo_CoreFlow: null]]></system-out>
      <system-err><![CDATA[]]></system-err>
   </testsuite>
</testsuites>
